# JRE version: OpenJDK Runtime Environment Temurin-17.0.8.1+1 (17.0.8.1+1) (build 17.0.8.1+1)
# Java VM: OpenJDK 64-Bit Server VM Temurin-17.0.8.1+1 (17.0.8.1+1, mixed mode, tiered, compressed oops, compressed class ptrs, g1 gc, windows-amd64)
GC Precious Log:
 CPUs: 2 total, 2 available
 Memory: 3947M
 Large Page Support: Disabled
 NUMA Support: Disabled
 Compressed Oops: Enabled (32-bit)
 Heap Region Size: 1M
 Heap Min Capacity: 8M
 Heap Initial Capacity: 62M
 Heap Max Capacity: 988M
 Pre-touch: Disabled
 Parallel Workers: 2
 Concurrent Workers: 1
 Concurrent Refinement Workers: 2
 Periodic GC: Disabled
Heap:
 garbage-first heap   total 31744K, used 18841K [0x00000000c2400000, 0x0000000100000000)
  region size 1024K, 6 young (6144K), 1 survivors (1024K)
 Metaspace       used 36846K, committed 37312K, reserved 1114112K
  class space    used 4499K, committed 4736K, reserved 1048576K
GC Heap History (20 events):
Event: 6.735 GC heap before
{Heap before GC invocations=5 (full 0):
 garbage-first heap   total 24576K, used 15571K [0x00000000c2400000, 0x0000000100000000)
  region size 1024K, 14 young (14336K), 4 survivors (4096K)
 Metaspace       used 23165K, committed 23360K, reserved 1114112K
  class space    used 2709K, committed 2816K, reserved 1048576K
}
Event: 6.745 GC heap after
{Heap after GC invocations=6 (full 0):
 garbage-first heap   total 24576K, used 7583K [0x00000000c2400000, 0x0000000100000000)
  region size 1024K, 2 young (2048K), 2 survivors (2048K)
 Metaspace       used 23165K, committed 23360K, reserved 1114112K
  class space    used 2709K, committed 2816K, reserved 1048576K
}
Event: 6.804 GC heap before
{Heap before GC invocations=6 (full 0):
 garbage-first heap   total 24576K, used 8607K [0x00000000c2400000, 0x0000000100000000)
  region size 1024K, 3 young (3072K), 2 survivors (2048K)
 Metaspace       used 23248K, committed 23424K, reserved 1114112K
  class space    used 2719K, committed 2816K, reserved 1048576K
}
Event: 6.810 GC heap after
{Heap after GC invocations=7 (full 0):
 garbage-first heap   total 24576K, used 7708K [0x00000000c2400000, 0x0000000100000000)
  region size 1024K, 1 young (1024K), 1 survivors (1024K)
 Metaspace       used 23248K, committed 23424K, reserved 1114112K
  class space    used 2719K, committed 2816K, reserved 1048576K
}
Event: 7.372 GC heap before
{Heap before GC invocations=7 (full 0):
 garbage-first heap   total 24576K, used 14876K [0x00000000c2400000, 0x0000000100000000)
  region size 1024K, 8 young (8192K), 1 survivors (1024K)
 Metaspace       used 23793K, committed 24064K, reserved 1114112K
  class space    used 2765K, committed 2880K, reserved 1048576K
}
Event: 7.374 GC heap after
{Heap after GC invocations=8 (full 0):
 garbage-first heap   total 24576K, used 8133K [0x00000000c2400000, 0x0000000100000000)
  region size 1024K, 1 young (1024K), 1 survivors (1024K)
 Metaspace       used 23793K, committed 24064K, reserved 1114112K
  class space    used 2765K, committed 2880K, reserved 1048576K
}
Event: 7.850 GC heap before
{Heap before GC invocations=8 (full 0):
 garbage-first heap   total 24576K, used 16325K [0x00000000c2400000, 0x0000000100000000)
  region size 1024K, 9 young (9216K), 1 survivors (1024K)
 Metaspace       used 25160K, committed 25408K, reserved 1114112K
  class space    used 2939K, committed 3008K, reserved 1048576K
}
Event: 7.853 GC heap after
{Heap after GC invocations=9 (full 0):
 garbage-first heap   total 24576K, used 8682K [0x00000000c2400000, 0x0000000100000000)
  region size 1024K, 2 young (2048K), 2 survivors (2048K)
 Metaspace       used 25160K, committed 25408K, reserved 1114112K
  class space    used 2939K, committed 3008K, reserved 1048576K
}
Event: 8.493 GC heap before
{Heap before GC invocations=9 (full 0):
 garbage-first heap   total 24576K, used 14826K [0x00000000c2400000, 0x0000000100000000)
  region size 1024K, 9 young (9216K), 2 survivors (2048K)
 Metaspace       used 26762K, committed 27072K, reserved 1114112K
  class space    used 3175K, committed 3328K, reserved 1048576K
}
Event: 8.498 GC heap after
{Heap after GC invocations=10 (full 0):
 garbage-first heap   total 24576K, used 9370K [0x00000000c2400000, 0x0000000100000000)
  region size 1024K, 2 young (2048K), 2 survivors (2048K)
 Metaspace       used 26762K, committed 27072K, reserved 1114112K
  class space    used 3175K, committed 3328K, reserved 1048576K
}
Event: 9.191 GC heap before
{Heap before GC invocations=10 (full 0):
 garbage-first heap   total 24576K, used 17562K [0x00000000c2400000, 0x0000000100000000)
  region size 1024K, 10 young (10240K), 2 survivors (2048K)
 Metaspace       used 28297K, committed 28672K, reserved 1114112K
  class space    used 3417K, committed 3584K, reserved 1048576K
}
Event: 9.199 GC heap after
{Heap after GC invocations=11 (full 0):
 garbage-first heap   total 24576K, used 10306K [0x00000000c2400000, 0x0000000100000000)
  region size 1024K, 2 young (2048K), 2 survivors (2048K)
 Metaspace       used 28297K, committed 28672K, reserved 1114112K
  class space    used 3417K, committed 3584K, reserved 1048576K
}
Event: 10.148 GC heap before
{Heap before GC invocations=11 (full 0):
 garbage-first heap   total 24576K, used 17474K [0x00000000c2400000, 0x0000000100000000)
  region size 1024K, 9 young (9216K), 2 survivors (2048K)
 Metaspace       used 30575K, committed 30912K, reserved 1114112K
  class space    used 3675K, committed 3840K, reserved 1048576K
}
Event: 10.155 GC heap after
{Heap after GC invocations=12 (full 0):
 garbage-first heap   total 31744K, used 11207K [0x00000000c2400000, 0x0000000100000000)
  region size 1024K, 2 young (2048K), 2 survivors (2048K)
 Metaspace       used 30575K, committed 30912K, reserved 1114112K
  class space    used 3675K, committed 3840K, reserved 1048576K
}
Event: 12.039 GC heap before
{Heap before GC invocations=12 (full 0):
 garbage-first heap   total 31744K, used 22471K [0x00000000c2400000, 0x0000000100000000)
  region size 1024K, 13 young (13312K), 2 survivors (2048K)
 Metaspace       used 32564K, committed 32960K, reserved 1114112K
  class space    used 3929K, committed 4096K, reserved 1048576K
}
Event: 12.047 GC heap after
{Heap after GC invocations=13 (full 0):
 garbage-first heap   total 31744K, used 12635K [0x00000000c2400000, 0x0000000100000000)
  region size 1024K, 2 young (2048K), 2 survivors (2048K)
 Metaspace       used 32564K, committed 32960K, reserved 1114112K
  class space    used 3929K, committed 4096K, reserved 1048576K
}
Event: 13.125 GC heap before
{Heap before GC invocations=13 (full 0):
 garbage-first heap   total 31744K, used 22875K [0x00000000c2400000, 0x0000000100000000)
  region size 1024K, 12 young (12288K), 2 survivors (2048K)
 Metaspace       used 34417K, committed 34816K, reserved 1114112K
  class space    used 4179K, committed 4352K, reserved 1048576K
}
Event: 13.134 GC heap after
{Heap after GC invocations=14 (full 0):
 garbage-first heap   total 31744K, used 14238K [0x00000000c2400000, 0x0000000100000000)
  region size 1024K, 2 young (2048K), 2 survivors (2048K)
 Metaspace       used 34417K, committed 34816K, reserved 1114112K
  class space    used 4179K, committed 4352K, reserved 1048576K
}
Event: 21.676 GC heap before
{Heap before GC invocations=14 (full 0):
 garbage-first heap   total 31744K, used 19358K [0x00000000c2400000, 0x0000000100000000)
  region size 1024K, 8 young (8192K), 2 survivors (2048K)
 Metaspace       used 35633K, committed 36096K, reserved 1114112K
  class space    used 4335K, committed 4544K, reserved 1048576K
}
Event: 21.682 GC heap after
{Heap after GC invocations=15 (full 0):
 garbage-first heap   total 31744K, used 14745K [0x00000000c2400000, 0x0000000100000000)
  region size 1024K, 1 young (1024K), 1 survivors (1024K)
 Metaspace       used 35633K, committed 36096K, reserved 1114112K
  class space    used 4335K, committed 4544K, reserved 1048576K
}

