# JRE version: OpenJDK Runtime Environment Temurin-17.0.8.1+1 (17.0.8.1+1) (build 17.0.8.1+1)
# Java VM: OpenJDK 64-Bit Server VM Temurin-17.0.8.1+1 (17.0.8.1+1, mixed mode, tiered, compressed oops, compressed class ptrs, parallel gc, windows-amd64)
GC Precious Log:
 CPUs: 2 total, 2 available
 Memory: 3947M
 Large Page Support: Disabled
 NUMA Support: Disabled
 Compressed Oops: Enabled (32-bit)
 Alignments: Space 512K, Generation 512K, Heap 2M
 Heap Min Capacity: 100M
 Heap Initial Capacity: 100M
 Heap Max Capacity: 1G
 Pre-touch: Disabled
 Parallel Workers: 2
Heap:
 PSYoungGen      total 5120K, used 5088K [0x00000000eab00000, 0x00000000eb200000, 0x0000000100000000)
  eden space 4608K, 100% used [0x00000000eab00000,0x00000000eaf80000,0x00000000eaf80000)
  from space 512K, 93% used [0x00000000eb180000,0x00000000eb1f8000,0x00000000eb200000)
  to   space 1024K, 69% used [0x00000000eb000000,0x00000000eb0b1210,0x00000000eb100000)
 ParOldGen       total 274944K, used 259230K [0x00000000c0000000, 0x00000000d0c80000, 0x00000000eab00000)
  object space 274944K, 94% used [0x00000000c0000000,0x00000000cfd27b80,0x00000000d0c80000)
 Metaspace       used 97867K, committed 99200K, reserved 1179648K
  class space    used 10038K, committed 10624K, reserved 1048576K
GC Heap History (20 events):
Event: 2064.993 GC heap after
{Heap after GC invocations=2463 (full 38):
 PSYoungGen      total 5120K, used 512K [0x00000000eab00000, 0x00000000eb280000, 0x0000000100000000)
  eden space 4608K, 0% used [0x00000000eab00000,0x00000000eab00000,0x00000000eaf80000)
  from space 512K, 100% used [0x00000000eb100000,0x00000000eb180000,0x00000000eb180000)
  to   space 1024K, 0% used [0x00000000eb180000,0x00000000eb180000,0x00000000eb280000)
 ParOldGen       total 274944K, used 254178K [0x00000000c0000000, 0x00000000d0c80000, 0x00000000eab00000)
  object space 274944K, 92% used [0x00000000c0000000,0x00000000cf838b78,0x00000000d0c80000)
 Metaspace       used 97828K, committed 99136K, reserved 1179648K
  class space    used 10038K, committed 10624K, reserved 1048576K
}
Event: 2065.135 GC heap before
{Heap before GC invocations=2464 (full 38):
 PSYoungGen      total 5120K, used 5119K [0x00000000eab00000, 0x00000000eb280000, 0x0000000100000000)
  eden space 4608K, 99% used [0x00000000eab00000,0x00000000eaf7ff90,0x00000000eaf80000)
  from space 512K, 100% used [0x00000000eb100000,0x00000000eb180000,0x00000000eb180000)
  to   space 1024K, 0% used [0x00000000eb180000,0x00000000eb180000,0x00000000eb280000)
 ParOldGen       total 274944K, used 254178K [0x00000000c0000000, 0x00000000d0c80000, 0x00000000eab00000)
  object space 274944K, 92% used [0x00000000c0000000,0x00000000cf838b78,0x00000000d0c80000)
 Metaspace       used 97851K, committed 99200K, reserved 1179648K
  class space    used 10038K, committed 10624K, reserved 1048576K
}
Event: 2065.139 GC heap after
{Heap after GC invocations=2464 (full 38):
 PSYoungGen      total 5120K, used 416K [0x00000000eab00000, 0x00000000eb200000, 0x0000000100000000)
  eden space 4608K, 0% used [0x00000000eab00000,0x00000000eab00000,0x00000000eaf80000)
  from space 512K, 81% used [0x00000000eb180000,0x00000000eb1e8000,0x00000000eb200000)
  to   space 1024K, 0% used [0x00000000eb000000,0x00000000eb000000,0x00000000eb100000)
 ParOldGen       total 274944K, used 254693K [0x00000000c0000000, 0x00000000d0c80000, 0x00000000eab00000)
  object space 274944K, 92% used [0x00000000c0000000,0x00000000cf8b94a8,0x00000000d0c80000)
 Metaspace       used 97851K, committed 99200K, reserved 1179648K
  class space    used 10038K, committed 10624K, reserved 1048576K
}
Event: 2065.681 GC heap before
{Heap before GC invocations=2465 (full 38):
 PSYoungGen      total 5120K, used 5024K [0x00000000eab00000, 0x00000000eb200000, 0x0000000100000000)
  eden space 4608K, 100% used [0x00000000eab00000,0x00000000eaf80000,0x00000000eaf80000)
  from space 512K, 81% used [0x00000000eb180000,0x00000000eb1e8000,0x00000000eb200000)
  to   space 1024K, 0% used [0x00000000eb000000,0x00000000eb000000,0x00000000eb100000)
 ParOldGen       total 274944K, used 254693K [0x00000000c0000000, 0x00000000d0c80000, 0x00000000eab00000)
  object space 274944K, 92% used [0x00000000c0000000,0x00000000cf8b94a8,0x00000000d0c80000)
 Metaspace       used 97853K, committed 99200K, reserved 1179648K
  class space    used 10038K, committed 10624K, reserved 1048576K
}
Event: 2065.685 GC heap after
{Heap after GC invocations=2465 (full 38):
 PSYoungGen      total 5632K, used 1012K [0x00000000eab00000, 0x00000000eb380000, 0x0000000100000000)
  eden space 4608K, 0% used [0x00000000eab00000,0x00000000eab00000,0x00000000eaf80000)
  from space 1024K, 98% used [0x00000000eb000000,0x00000000eb0fd200,0x00000000eb100000)
  to   space 2048K, 0% used [0x00000000eb180000,0x00000000eb180000,0x00000000eb380000)
 ParOldGen       total 274944K, used 255053K [0x00000000c0000000, 0x00000000d0c80000, 0x00000000eab00000)
  object space 274944K, 92% used [0x00000000c0000000,0x00000000cf9134a8,0x00000000d0c80000)
 Metaspace       used 97853K, committed 99200K, reserved 1179648K
  class space    used 10038K, committed 10624K, reserved 1048576K
}
Event: 2066.344 GC heap before
{Heap before GC invocations=2466 (full 38):
 PSYoungGen      total 5632K, used 5620K [0x00000000eab00000, 0x00000000eb380000, 0x0000000100000000)
  eden space 4608K, 99% used [0x00000000eab00000,0x00000000eaf7ffe8,0x00000000eaf80000)
  from space 1024K, 98% used [0x00000000eb000000,0x00000000eb0fd200,0x00000000eb100000)
  to   space 2048K, 0% used [0x00000000eb180000,0x00000000eb180000,0x00000000eb380000)
 ParOldGen       total 274944K, used 255053K [0x00000000c0000000, 0x00000000d0c80000, 0x00000000eab00000)
  object space 274944K, 92% used [0x00000000c0000000,0x00000000cf9134a8,0x00000000d0c80000)
 Metaspace       used 97853K, committed 99200K, reserved 1179648K
  class space    used 10038K, committed 10624K, reserved 1048576K
}
Event: 2066.349 GC heap after
{Heap after GC invocations=2466 (full 38):
 PSYoungGen      total 5120K, used 288K [0x00000000eab00000, 0x00000000eb200000, 0x0000000100000000)
  eden space 4608K, 0% used [0x00000000eab00000,0x00000000eab00000,0x00000000eaf80000)
  from space 512K, 56% used [0x00000000eb180000,0x00000000eb1c8000,0x00000000eb200000)
  to   space 1024K, 0% used [0x00000000eb000000,0x00000000eb000000,0x00000000eb100000)
 ParOldGen       total 274944K, used 256051K [0x00000000c0000000, 0x00000000d0c80000, 0x00000000eab00000)
  object space 274944K, 93% used [0x00000000c0000000,0x00000000cfa0cfe8,0x00000000d0c80000)
 Metaspace       used 97853K, committed 99200K, reserved 1179648K
  class space    used 10038K, committed 10624K, reserved 1048576K
}
Event: 2066.402 GC heap before
{Heap before GC invocations=2467 (full 38):
 PSYoungGen      total 5120K, used 4895K [0x00000000eab00000, 0x00000000eb200000, 0x0000000100000000)
  eden space 4608K, 99% used [0x00000000eab00000,0x00000000eaf7ffd0,0x00000000eaf80000)
  from space 512K, 56% used [0x00000000eb180000,0x00000000eb1c8000,0x00000000eb200000)
  to   space 1024K, 0% used [0x00000000eb000000,0x00000000eb000000,0x00000000eb100000)
 ParOldGen       total 274944K, used 256051K [0x00000000c0000000, 0x00000000d0c80000, 0x00000000eab00000)
  object space 274944K, 93% used [0x00000000c0000000,0x00000000cfa0cfe8,0x00000000d0c80000)
 Metaspace       used 97853K, committed 99200K, reserved 1179648K
  class space    used 10038K, committed 10624K, reserved 1048576K
}
Event: 2066.407 GC heap after
{Heap after GC invocations=2467 (full 38):
 PSYoungGen      total 5632K, used 1020K [0x00000000eab00000, 0x00000000eb380000, 0x0000000100000000)
  eden space 4608K, 0% used [0x00000000eab00000,0x00000000eab00000,0x00000000eaf80000)
  from space 1024K, 99% used [0x00000000eb000000,0x00000000eb0ff120,0x00000000eb100000)
  to   space 2048K, 0% used [0x00000000eb180000,0x00000000eb180000,0x00000000eb380000)
 ParOldGen       total 274944K, used 256747K [0x00000000c0000000, 0x00000000d0c80000, 0x00000000eab00000)
  object space 274944K, 93% used [0x00000000c0000000,0x00000000cfabafe8,0x00000000d0c80000)
 Metaspace       used 97853K, committed 99200K, reserved 1179648K
  class space    used 10038K, committed 10624K, reserved 1048576K
}
Event: 2066.428 GC heap before
{Heap before GC invocations=2468 (full 38):
 PSYoungGen      total 5632K, used 5628K [0x00000000eab00000, 0x00000000eb380000, 0x0000000100000000)
  eden space 4608K, 100% used [0x00000000eab00000,0x00000000eaf80000,0x00000000eaf80000)
  from space 1024K, 99% used [0x00000000eb000000,0x00000000eb0ff120,0x00000000eb100000)
  to   space 2048K, 0% used [0x00000000eb180000,0x00000000eb180000,0x00000000eb380000)
 ParOldGen       total 274944K, used 256747K [0x00000000c0000000, 0x00000000d0c80000, 0x00000000eab00000)
  object space 274944K, 93% used [0x00000000c0000000,0x00000000cfabafe8,0x00000000d0c80000)
 Metaspace       used 97853K, committed 99200K, reserved 1179648K
  class space    used 10038K, committed 10624K, reserved 1048576K
}
Event: 2066.431 GC heap after
{Heap after GC invocations=2468 (full 38):
 PSYoungGen      total 5632K, used 768K [0x00000000eab00000, 0x00000000eb280000, 0x0000000100000000)
  eden space 4608K, 0% used [0x00000000eab00000,0x00000000eab00000,0x00000000eaf80000)
  from space 1024K, 75% used [0x00000000eb180000,0x00000000eb240000,0x00000000eb280000)
  to   space 1536K, 0% used [0x00000000eaf80000,0x00000000eaf80000,0x00000000eb100000)
 ParOldGen       total 274944K, used 257174K [0x00000000c0000000, 0x00000000d0c80000, 0x00000000eab00000)
  object space 274944K, 93% used [0x00000000c0000000,0x00000000cfb258e8,0x00000000d0c80000)
 Metaspace       used 97853K, committed 99200K, reserved 1179648K
  class space    used 10038K, committed 10624K, reserved 1048576K
}
Event: 2066.796 GC heap before
{Heap before GC invocations=2469 (full 38):
 PSYoungGen      total 5632K, used 5376K [0x00000000eab00000, 0x00000000eb280000, 0x0000000100000000)
  eden space 4608K, 100% used [0x00000000eab00000,0x00000000eaf80000,0x00000000eaf80000)
  from space 1024K, 75% used [0x00000000eb180000,0x00000000eb240000,0x00000000eb280000)
  to   space 1536K, 0% used [0x00000000eaf80000,0x00000000eaf80000,0x00000000eb100000)
 ParOldGen       total 274944K, used 257174K [0x00000000c0000000, 0x00000000d0c80000, 0x00000000eab00000)
  object space 274944K, 93% used [0x00000000c0000000,0x00000000cfb258e8,0x00000000d0c80000)
 Metaspace       used 97854K, committed 99200K, reserved 1179648K
  class space    used 10038K, committed 10624K, reserved 1048576K
}
Event: 2066.799 GC heap after
{Heap after GC invocations=2469 (full 38):
 PSYoungGen      total 6144K, used 128K [0x00000000eab00000, 0x00000000eb200000, 0x0000000100000000)
  eden space 4608K, 0% used [0x00000000eab00000,0x00000000eab00000,0x00000000eaf80000)
  from space 1536K, 8% used [0x00000000eaf80000,0x00000000eafa0000,0x00000000eb100000)
  to   space 512K, 0% used [0x00000000eb180000,0x00000000eb180000,0x00000000eb200000)
 ParOldGen       total 274944K, used 257827K [0x00000000c0000000, 0x00000000d0c80000, 0x00000000eab00000)
  object space 274944K, 93% used [0x00000000c0000000,0x00000000cfbc8c40,0x00000000d0c80000)
 Metaspace       used 97854K, committed 99200K, reserved 1179648K
  class space    used 10038K, committed 10624K, reserved 1048576K
}
Event: 2067.118 GC heap before
{Heap before GC invocations=2470 (full 38):
 PSYoungGen      total 6144K, used 4736K [0x00000000eab00000, 0x00000000eb200000, 0x0000000100000000)
  eden space 4608K, 100% used [0x00000000eab00000,0x00000000eaf80000,0x00000000eaf80000)
  from space 1536K, 8% used [0x00000000eaf80000,0x00000000eafa0000,0x00000000eb100000)
  to   space 512K, 0% used [0x00000000eb180000,0x00000000eb180000,0x00000000eb200000)
 ParOldGen       total 274944K, used 257827K [0x00000000c0000000, 0x00000000d0c80000, 0x00000000eab00000)
  object space 274944K, 93% used [0x00000000c0000000,0x00000000cfbc8c40,0x00000000d0c80000)
 Metaspace       used 97856K, committed 99200K, reserved 1179648K
  class space    used 10038K, committed 10624K, reserved 1048576K
}
Event: 2067.124 GC heap after
{Heap after GC invocations=2470 (full 38):
 PSYoungGen      total 5120K, used 180K [0x00000000eab00000, 0x00000000eb200000, 0x0000000100000000)
  eden space 4608K, 0% used [0x00000000eab00000,0x00000000eab00000,0x00000000eaf80000)
  from space 512K, 35% used [0x00000000eb180000,0x00000000eb1ad200,0x00000000eb200000)
  to   space 512K, 0% used [0x00000000eb100000,0x00000000eb100000,0x00000000eb180000)
 ParOldGen       total 274944K, used 257928K [0x00000000c0000000, 0x00000000d0c80000, 0x00000000eab00000)
  object space 274944K, 93% used [0x00000000c0000000,0x00000000cfbe2040,0x00000000d0c80000)
 Metaspace       used 97856K, committed 99200K, reserved 1179648K
  class space    used 10038K, committed 10624K, reserved 1048576K
}
Event: 2067.328 GC heap before
{Heap before GC invocations=2471 (full 38):
 PSYoungGen      total 5120K, used 4788K [0x00000000eab00000, 0x00000000eb200000, 0x0000000100000000)
  eden space 4608K, 100% used [0x00000000eab00000,0x00000000eaf80000,0x00000000eaf80000)
  from space 512K, 35% used [0x00000000eb180000,0x00000000eb1ad200,0x00000000eb200000)
  to   space 512K, 0% used [0x00000000eb100000,0x00000000eb100000,0x00000000eb180000)
 ParOldGen       total 274944K, used 257928K [0x00000000c0000000, 0x00000000d0c80000, 0x00000000eab00000)
  object space 274944K, 93% used [0x00000000c0000000,0x00000000cfbe2040,0x00000000d0c80000)
 Metaspace       used 97857K, committed 99200K, reserved 1179648K
  class space    used 10038K, committed 10624K, reserved 1048576K
}
Event: 2067.332 GC heap after
{Heap after GC invocations=2471 (full 38):
 PSYoungGen      total 5120K, used 496K [0x00000000eab00000, 0x00000000eb200000, 0x0000000100000000)
  eden space 4608K, 0% used [0x00000000eab00000,0x00000000eab00000,0x00000000eaf80000)
  from space 512K, 96% used [0x00000000eb100000,0x00000000eb17c010,0x00000000eb180000)
  to   space 512K, 0% used [0x00000000eb180000,0x00000000eb180000,0x00000000eb200000)
 ParOldGen       total 274944K, used 258260K [0x00000000c0000000, 0x00000000d0c80000, 0x00000000eab00000)
  object space 274944K, 93% used [0x00000000c0000000,0x00000000cfc35240,0x00000000d0c80000)
 Metaspace       used 97857K, committed 99200K, reserved 1179648K
  class space    used 10038K, committed 10624K, reserved 1048576K
}
Event: 2067.433 GC heap before
{Heap before GC invocations=2472 (full 38):
 PSYoungGen      total 5120K, used 5104K [0x00000000eab00000, 0x00000000eb200000, 0x0000000100000000)
  eden space 4608K, 100% used [0x00000000eab00000,0x00000000eaf80000,0x00000000eaf80000)
  from space 512K, 96% used [0x00000000eb100000,0x00000000eb17c010,0x00000000eb180000)
  to   space 512K, 0% used [0x00000000eb180000,0x00000000eb180000,0x00000000eb200000)
 ParOldGen       total 274944K, used 258260K [0x00000000c0000000, 0x00000000d0c80000, 0x00000000eab00000)
  object space 274944K, 93% used [0x00000000c0000000,0x00000000cfc35240,0x00000000d0c80000)
 Metaspace       used 97857K, committed 99200K, reserved 1179648K
  class space    used 10038K, committed 10624K, reserved 1048576K
}
Event: 2067.437 GC heap after
{Heap after GC invocations=2472 (full 38):
 PSYoungGen      total 5120K, used 480K [0x00000000eab00000, 0x00000000eb200000, 0x0000000100000000)
  eden space 4608K, 0% used [0x00000000eab00000,0x00000000eab00000,0x00000000eaf80000)
  from space 512K, 93% used [0x00000000eb180000,0x00000000eb1f8000,0x00000000eb200000)
  to   space 1024K, 0% used [0x00000000eb000000,0x00000000eb000000,0x00000000eb100000)
 ParOldGen       total 274944K, used 258758K [0x00000000c0000000, 0x00000000d0c80000, 0x00000000eab00000)
  object space 274944K, 94% used [0x00000000c0000000,0x00000000cfcb1b80,0x00000000d0c80000)
 Metaspace       used 97857K, committed 99200K, reserved 1179648K
  class space    used 10038K, committed 10624K, reserved 1048576K
}
Event: 2067.906 GC heap before
{Heap before GC invocations=2473 (full 38):
 PSYoungGen      total 5120K, used 5088K [0x00000000eab00000, 0x00000000eb200000, 0x0000000100000000)
  eden space 4608K, 100% used [0x00000000eab00000,0x00000000eaf80000,0x00000000eaf80000)
  from space 512K, 93% used [0x00000000eb180000,0x00000000eb1f8000,0x00000000eb200000)
  to   space 1024K, 0% used [0x00000000eb000000,0x00000000eb000000,0x00000000eb100000)
 ParOldGen       total 274944K, used 258758K [0x00000000c0000000, 0x00000000d0c80000, 0x00000000eab00000)
  object space 274944K, 94% used [0x00000000c0000000,0x00000000cfcb1b80,0x00000000d0c80000)
 Metaspace       used 97867K, committed 99200K, reserved 1179648K
  class space    used 10038K, committed 10624K, reserved 1048576K
}

